<?xml version="1.0" encoding="UTF-8"?>
<!-- Generated by org.testng.reporters.JUnitReportReporter -->
<testsuite hostname="DESKTOP-MUPOVES" failures="0" tests="1" name="rough.JSONSimplePkg.JSONSIMPLEDEMO1" time="0.164" errors="0" timestamp="2022-03-06T08:27:25 IST" skipped="0">
  <testcase classname="rough.JSONSimplePkg.JSONSIMPLEDEMO1" name="WriteJSONToFile" time="0.164"/>
  <system-out/>
</testsuite> <!-- rough.JSONSimplePkg.JSONSIMPLEDEMO1 -->
