<?xml version="1.0" encoding="UTF-8"?>
<!-- Generated by org.testng.reporters.JUnitReportReporter -->
<testsuite hostname="DESKTOP-MUPOVES" failures="0" tests="4" name="com.qa.api.gorest.tests.ImgurAPITest" time="18.164" errors="0" timestamp="2022-03-04T20:08:28 IST" skipped="0">
  <testcase classname="com.qa.api.gorest.tests.ImgurAPITest" name="getAccountSettingsTest" time="2.795"/>
  <system-out/>
  <testcase classname="com.qa.api.gorest.tests.ImgurAPITest" name="getAccountImagesTest" time="8.752"/>
  <system-out/>
  <testcase classname="com.qa.api.gorest.tests.ImgurAPITest" name="getAccountBlockStatusTest" time="2.932"/>
  <system-out/>
  <testcase classname="com.qa.api.gorest.tests.ImgurAPITest" name="uploadImagePostAPITest" time="3.685"/>
  <system-out/>
</testsuite> <!-- com.qa.api.gorest.tests.ImgurAPITest -->
