<?xml version="1.0" encoding="UTF-8"?>
<!-- Generated by org.testng.reporters.JUnitReportReporter -->
<testsuite hostname="DESKTOP-MUPOVES" failures="0" tests="1" name="rough.JacksonDaaBindPkg.ObjPOJOToJsonStringDemo" time="0.942" errors="0" timestamp="2022-03-06T18:59:05 IST" skipped="0">
  <testcase classname="rough.JacksonDaaBindPkg.ObjPOJOToJsonStringDemo" name="JacksonPojoToJson" time="0.942"/>
  <system-out/>
</testsuite> <!-- rough.JacksonDaaBindPkg.ObjPOJOToJsonStringDemo -->
