<?xml version="1.0" encoding="UTF-8"?>
<!-- Generated by org.testng.reporters.JUnitReportReporter -->
<testsuite hostname="DESKTOP-MUPOVES" failures="0" tests="5" name="rough.invokeCountDemoCreateUser" time="0.185" errors="0" timestamp="2022-03-07T07:38:30 IST" skipped="0">
  <testcase classname="rough.invokeCountDemoCreateUser" name="createUser" time="0.010"/>
  <system-out/>
  <testcase classname="rough.invokeCountDemoCreateUser" name="createUser" time="0.154"/>
  <system-out/>
  <testcase classname="rough.invokeCountDemoCreateUser" name="createUser" time="0.007"/>
  <system-out/>
  <testcase classname="rough.invokeCountDemoCreateUser" name="createUser" time="0.005"/>
  <system-out/>
  <testcase classname="rough.invokeCountDemoCreateUser" name="createUser" time="0.009"/>
  <system-out/>
</testsuite> <!-- rough.invokeCountDemoCreateUser -->
