<?xml version="1.0" encoding="UTF-8"?>
<!-- Generated by org.testng.reporters.JUnitReportReporter -->
<testsuite hostname="DESKTOP-MUPOVES" failures="0" tests="1" name="rough.JSONSimplePkg.ReadingJSONFile" time="0.154" errors="0" timestamp="2022-03-06T13:40:59 IST" skipped="0">
  <testcase classname="rough.JSONSimplePkg.ReadingJSONFile" name="readingJSONFile" time="0.154"/>
  <system-out/>
</testsuite> <!-- rough.JSONSimplePkg.ReadingJSONFile -->
