<?xml version="1.0" encoding="UTF-8"?>
<!-- Generated by org.testng.reporters.JUnitReportReporter -->
<testsuite hostname="DESKTOP-MUPOVES" failures="0" tests="1" name="rough.JSONSimplePkg.JSONValueDemo" time="0.221" errors="0" timestamp="2022-03-08T14:25:47 IST" skipped="0">
  <testcase classname="rough.JSONSimplePkg.JSONValueDemo" name="StringToJSONDemo" time="0.221"/>
  <system-out/>
</testsuite> <!-- rough.JSONSimplePkg.JSONValueDemo -->
