<?xml version="1.0" encoding="UTF-8"?>
<!-- Generated by org.testng.reporters.JUnitReportReporter -->
<testsuite hostname="DESKTOP-MUPOVES" failures="0" tests="1" name="rough.JSONSimplePkg.DataDrivenUsingJSON" time="0.000" errors="0" timestamp="2022-03-06T13:46:03 IST" skipped="1">
  <testcase classname="rough.JSONSimplePkg.DataDrivenUsingJSON" name="CreateUser" time="0.000">
    <skipped/>
  </testcase> <!-- CreateUser -->
  <system-out/>
</testsuite> <!-- rough.JSONSimplePkg.DataDrivenUsingJSON -->
