<?xml version="1.0" encoding="UTF-8"?>
<!-- Generated by org.testng.reporters.JUnitReportReporter -->
<testsuite hostname="DESKTOP-MUPOVES" failures="0" tests="1" name="com.qa.api.gorest.util.Token" time="4.070" errors="0" timestamp="2022-03-03T19:49:19 IST" skipped="0">
  <testcase classname="com.qa.api.gorest.util.Token" name="getAccessToken" time="4.070"/>
  <system-out/>
</testsuite> <!-- com.qa.api.gorest.util.Token -->
