<?xml version="1.0" encoding="UTF-8"?>
<!-- Generated by org.testng.reporters.JUnitReportReporter -->
<testsuite hostname="DESKTOP-MUPOVES" failures="0" tests="1" name="rough.JSONSimplePkg.EnCodeJSONObject" time="0.195" errors="0" timestamp="2022-03-08T13:15:16 IST" skipped="0">
  <testcase classname="rough.JSONSimplePkg.EnCodeJSONObject" name="encodeJsonObject" time="0.195"/>
  <system-out/>
</testsuite> <!-- rough.JSONSimplePkg.EnCodeJSONObject -->
