<?xml version="1.0" encoding="UTF-8"?>
<!-- Generated by org.testng.reporters.JUnitReportReporter -->
<testsuite hostname="DESKTOP-MUPOVES" failures="0" tests="1" name="rough.JacksonDaaBindPkg.WriteJsonUsingJsonGeneratorPkg.WriteJsonUsingJsonGenerator" time="0.295" errors="0" timestamp="2022-03-06T21:55:17 IST" skipped="0">
  <testcase classname="rough.JacksonDaaBindPkg.WriteJsonUsingJsonGeneratorPkg.WriteJsonUsingJsonGenerator" name="WriteJsonUsingJG" time="0.295"/>
  <system-out/>
</testsuite> <!-- rough.JacksonDaaBindPkg.WriteJsonUsingJsonGeneratorPkg.WriteJsonUsingJsonGenerator -->
