<?xml version="1.0" encoding="UTF-8"?>
<!-- Generated by org.testng.reporters.JUnitReportReporter -->
<testsuite hostname="DESKTOP-MUPOVES" failures="0" tests="1" name="rough.JacksonDaaBindPkg.JSonIgnore.JSonIgnoreProperties.JSonIgnoreDemo" time="0.903" errors="0" timestamp="2022-03-06T19:57:40 IST" skipped="0">
  <testcase classname="rough.JacksonDaaBindPkg.JSonIgnore.JSonIgnoreProperties.JSonIgnoreDemo" name="JSonIgnoreDemo1" time="0.903"/>
  <system-out/>
</testsuite> <!-- rough.JacksonDaaBindPkg.JSonIgnore.JSonIgnoreProperties.JSonIgnoreDemo -->
