<?xml version="1.0" encoding="UTF-8"?>
<!-- Generated by org.testng.reporters.JUnitReportReporter -->
<testsuite hostname="DESKTOP-MUPOVES" failures="0" tests="1" name="rough.JacksonDaaBindPkg.JSonIgnore.JSonIgnoreProperties.JSonIgnoreDemo1" time="0.890" errors="0" timestamp="2022-03-06T20:06:00 IST" skipped="0">
  <testcase classname="rough.JacksonDaaBindPkg.JSonIgnore.JSonIgnoreProperties.JSonIgnoreDemo1" name="JSonIgnoreDemo1_1" time="0.890"/>
  <system-out/>
</testsuite> <!-- rough.JacksonDaaBindPkg.JSonIgnore.JSonIgnoreProperties.JSonIgnoreDemo1 -->
