<?xml version="1.0" encoding="UTF-8"?>
<!-- Generated by org.testng.reporters.JUnitReportReporter -->
<testsuite hostname="DESKTOP-MUPOVES" failures="0" tests="1" name="rough.JacksonDaaBindPkg.ChangePropertyName.ChangePropertyName" time="0.910" errors="0" timestamp="2022-03-06T19:20:55 IST" skipped="0">
  <testcase classname="rough.JacksonDaaBindPkg.ChangePropertyName.ChangePropertyName" name="changePropertyname" time="0.910"/>
  <system-out/>
</testsuite> <!-- rough.JacksonDaaBindPkg.ChangePropertyName.ChangePropertyName -->
