<?xml version="1.0" encoding="UTF-8"?>
<!-- Generated by org.testng.reporters.JUnitReportReporter -->
<testsuite hostname="DESKTOP-MUPOVES" failures="0" tests="1" name="rough.SortingCollections.MapSortingUsingValues" time="0.158" errors="0" timestamp="2022-03-07T09:04:31 IST" skipped="0">
  <testcase classname="rough.SortingCollections.MapSortingUsingValues" name="SrotingOfMap" time="0.158"/>
  <system-out/>
</testsuite> <!-- rough.SortingCollections.MapSortingUsingValues -->
