<?xml version="1.0" encoding="UTF-8"?>
<!-- Generated by org.testng.reporters.JUnitReportReporter -->
<testsuite hostname="DESKTOP-MUPOVES" failures="0" tests="1" name="rough.JSONSimplePkg.ReadJSonIntoObject" time="0.172" errors="0" timestamp="2022-03-06T08:30:13 IST" skipped="0">
  <testcase classname="rough.JSONSimplePkg.ReadJSonIntoObject" name="ReadJSonDemo" time="0.172"/>
  <system-out/>
</testsuite> <!-- rough.JSONSimplePkg.ReadJSonIntoObject -->
