<?xml version="1.0" encoding="UTF-8"?>
<!-- Generated by org.testng.reporters.JUnitReportReporter -->
<testsuite hostname="DESKTOP-MUPOVES" failures="0" tests="1" name="rough.JacksonDaaBindPkg.Collections.ListDemo" time="0.869" errors="0" timestamp="2022-03-06T21:22:28 IST" skipped="0">
  <testcase classname="rough.JacksonDaaBindPkg.Collections.ListDemo" name="mapToJson" time="0.869"/>
  <system-out/>
</testsuite> <!-- rough.JacksonDaaBindPkg.Collections.ListDemo -->
