<?xml version="1.0" encoding="UTF-8"?>
<!-- Generated by org.testng.reporters.JUnitReportReporter -->
<testsuite hostname="DESKTOP-MUPOVES" failures="0" tests="1" name="rough.JacksonDaaBindPkg.WriteJsonUsingJsonGeneratorPkg.ReadJsonFile" time="0.270" errors="0" timestamp="2022-03-07T11:26:15 IST" skipped="0">
  <testcase classname="rough.JacksonDaaBindPkg.WriteJsonUsingJsonGeneratorPkg.ReadJsonFile" name="readJsonFileDemo" time="0.270"/>
  <system-out/>
</testsuite> <!-- rough.JacksonDaaBindPkg.WriteJsonUsingJsonGeneratorPkg.ReadJsonFile -->
