<?xml version="1.0" encoding="UTF-8"?>
<!-- Generated by org.testng.reporters.JUnitReportReporter -->
<testsuite hostname="DESKTOP-MUPOVES" failures="0" tests="1" name="rough.example1" time="0.169" errors="0" timestamp="2022-03-08T16:15:20 IST" skipped="0">
  <testcase classname="rough.example1" name="exampleemo" time="0.169"/>
  <system-out/>
</testsuite> <!-- rough.example1 -->
