<?xml version="1.0" encoding="UTF-8"?>
<!-- Generated by org.testng.reporters.JUnitReportReporter -->
<testsuite hostname="DESKTOP-MUPOVES" failures="0" tests="1" name="rough.SortingCollections.MapSorting" time="0.176" errors="0" timestamp="2022-03-07T08:22:29 IST" skipped="0">
  <testcase classname="rough.SortingCollections.MapSorting" name="SrotingOfMap" time="0.176"/>
  <system-out/>
</testsuite> <!-- rough.SortingCollections.MapSorting -->
