<?xml version="1.0" encoding="UTF-8"?>
<!-- Generated by org.testng.reporters.JUnitReportReporter -->
<testsuite hostname="DESKTOP-MUPOVES" failures="0" tests="1" name="rough.JSONPAthDemo" time="3.148" errors="0" timestamp="2022-03-08T13:53:55 IST" skipped="0">
  <testcase classname="rough.JSONPAthDemo" name="jsonPathExtractionDemo" time="3.148"/>
  <system-out/>
</testsuite> <!-- rough.JSONPAthDemo -->
