<?xml version="1.0" encoding="UTF-8"?>
<!-- Generated by org.testng.reporters.JUnitReportReporter -->
<testsuite hostname="DESKTOP-MUPOVES" failures="0" tests="1" name="rough.JacksonDaaBindPkg.Collections.JsonToSet" time="0.863" errors="0" timestamp="2022-03-06T21:34:19 IST" skipped="0">
  <testcase classname="rough.JacksonDaaBindPkg.Collections.JsonToSet" name="jsonToSetDemo" time="0.863"/>
  <system-out/>
</testsuite> <!-- rough.JacksonDaaBindPkg.Collections.JsonToSet -->
