<?xml version="1.0" encoding="UTF-8"?>
<!-- Generated by org.testng.reporters.JUnitReportReporter -->
<testsuite hostname="DESKTOP-MUPOVES" failures="0" tests="1" name="rough.JacksonDaaBindPkg.Collections.JsonToMap" time="1.034" errors="0" timestamp="2022-03-06T21:37:36 IST" skipped="0">
  <testcase classname="rough.JacksonDaaBindPkg.Collections.JsonToMap" name="jsonToMapDemo" time="1.034"/>
  <system-out/>
</testsuite> <!-- rough.JacksonDaaBindPkg.Collections.JsonToMap -->
