<?xml version="1.0" encoding="UTF-8"?>
<!-- Generated by org.testng.reporters.JUnitReportReporter -->
<testsuite hostname="DESKTOP-MUPOVES" failures="0" tests="1" name="rough.CompareJSONResponseUsingJacksonBind" time="1.099" errors="0" timestamp="2022-03-08T17:21:48 IST" skipped="0">
  <testcase classname="rough.CompareJSONResponseUsingJacksonBind" name="coompare2JsonsWithCustomComparatorText" time="1.099"/>
  <system-out/>
</testsuite> <!-- rough.CompareJSONResponseUsingJacksonBind -->
