<?xml version="1.0" encoding="UTF-8"?>
<!-- Generated by org.testng.reporters.JUnitReportReporter -->
<testsuite hostname="DESKTOP-MUPOVES" failures="0" tests="1" name="rough.JacksonDaaBindPkg.ReadJSONintoObject" time="0.984" errors="0" timestamp="2022-03-06T19:11:28 IST" skipped="0">
  <testcase classname="rough.JacksonDaaBindPkg.ReadJSONintoObject" name="readJSONintoObject" time="0.984"/>
  <system-out/>
</testsuite> <!-- rough.JacksonDaaBindPkg.ReadJSONintoObject -->
