<?xml version="1.0" encoding="UTF-8"?>
<!-- Generated by org.testng.reporters.JUnitReportReporter -->
<testsuite hostname="DESKTOP-MUPOVES" failures="0" tests="1" name="com.qa.api.gorest.tests.DeleteUserTest" time="3.581" errors="0" timestamp="2022-03-04T13:06:08 IST" skipped="0">
  <testcase classname="com.qa.api.gorest.tests.DeleteUserTest" name="deleteUserGoRestAPITEST" time="3.581"/>
  <system-out/>
</testsuite> <!-- com.qa.api.gorest.tests.DeleteUserTest -->
