<?xml version="1.0" encoding="UTF-8"?>
<!-- Generated by org.testng.reporters.JUnitReportReporter -->
<testsuite hostname="DESKTOP-MUPOVES" failures="0" tests="1" name="rough.JacksonDaaBindPkg.Collections.DeserailizeJsonToList" time="0.907" errors="0" timestamp="2022-03-06T21:30:29 IST" skipped="0">
  <testcase classname="rough.JacksonDaaBindPkg.Collections.DeserailizeJsonToList" name="JsonToList" time="0.907"/>
  <system-out/>
</testsuite> <!-- rough.JacksonDaaBindPkg.Collections.DeserailizeJsonToList -->
