<?xml version="1.0" encoding="UTF-8"?>
<!-- Generated by org.testng.reporters.JUnitReportReporter -->
<testsuite hostname="DESKTOP-MUPOVES" failures="0" tests="1" name="com.qa.api.gorest.tests.GetImgurAPITest" time="5.156" errors="0" timestamp="2022-03-03T20:24:36 IST" skipped="0">
  <testcase classname="com.qa.api.gorest.tests.GetImgurAPITest" name="getAccountSettingsTest" time="5.156"/>
  <system-out/>
</testsuite> <!-- com.qa.api.gorest.tests.GetImgurAPITest -->
