<?xml version="1.0" encoding="UTF-8"?>
<!-- Generated by org.testng.reporters.JUnitReportReporter -->
<testsuite hostname="DESKTOP-MUPOVES" failures="0" tests="1" name="rough.JacksonDaaBindPkg.ChangePropertyName.ChangePropertyNameUsingJSONProeprty" time="0.942" errors="0" timestamp="2022-03-06T19:28:01 IST" skipped="0">
  <testcase classname="rough.JacksonDaaBindPkg.ChangePropertyName.ChangePropertyNameUsingJSONProeprty" name="NoChangeInPropertyname" time="0.942"/>
  <system-out/>
</testsuite> <!-- rough.JacksonDaaBindPkg.ChangePropertyName.ChangePropertyNameUsingJSONProeprty -->
